#
# A fatal error has been detected by the Java Runtime Environment:
#
#  Internal Error (javaCalls.cpp:62), pid=132276, tid=132283
#  guarantee(thread->can_call_java()) failed: cannot make java calls from the native compiler
#
# JRE version: OpenJDK Runtime Environment (11.0.20.1+1) (build 11.0.20.1+1-post-Ubuntu-0ubuntu122.04)
# Java VM: OpenJDK 64-Bit Server VM (11.0.20.1+1-post-Ubuntu-0ubuntu122.04, mixed mode, sharing, tiered, compressed oops, parallel gc, linux-amd64)
# Core dump will be written. Default location: Core dumps may be processed with "/usr/share/apport/apport -p%p -s%s -c%c -d%d -P%P -u%u -g%g -- %E" (or dumping to /home/iiitb/Documents/karthika/statechart-verification/src/dfa/core.132276)
#
# If you would like to submit a bug report, please visit:
#   https://bugs.launchpad.net/ubuntu/+source/openjdk-lts
#

---------------  S U M M A R Y ------------

Command Line: -Xmx1800m -XX:-OmitStackTraceInFastThrow -XX:+UseParallelGC -XX:+IgnoreUnrecognizedVMOptions -XX:+CriticalJNINatives 

Host: Intel(R) Xeon(R) Silver 4116 CPU @ 2.10GHz, 8 cores, 15G, Ubuntu 22.04.2 LTS
Time: Sun Oct 15 22:29:35 2023 IST elapsed time: 15111.299508 seconds (0d 4h 11m 51s)

---------------  T H R E A D  ---------------

Current thread (0x00000000013fa800):  JavaThread "C2 CompilerThread0" daemon [_thread_in_vm, id=132283, stack(0x00007f918ae00000,0x00007f918af00000)]

Stack: [0x00007f918ae00000,0x00007f918af00000],  sp=0x00007f918aefd500,  free space=1013k
Native frames: (J=compiled Java code, A=aot compiled Java code, j=interpreted, Vv=VM code, C=native code)
V  [libjvm.so+0xeabb9a]  VMError::report_and_die(int, char const*, char const*, __va_list_tag*, Thread*, unsigned char*, void*, void*, char const*, int, unsigned long)+0x19a
V  [libjvm.so+0xeac905]  VMError::report_and_die(Thread*, void*, char const*, int, char const*, char const*, __va_list_tag*)+0x35
V  [libjvm.so+0x67e95b]  report_vm_error(char const*, int, char const*, char const*, ...)+0xfb
V  [libjvm.so+0x8757f3]  JavaCallWrapper::JavaCallWrapper(methodHandle const&, Handle, JavaValue*, Thread*)+0x253
V  [libjvm.so+0x877405]  JavaCalls::call_helper(JavaValue*, methodHandle const&, JavaCallArguments*, Thread*)+0x1a5
V  [libjvm.so+0x8f799a]  jni_invoke_static(JNIEnv_*, JavaValue*, _jobject*, JNICallType, _jmethodID*, JNI_ArgumentPusher*, Thread*) [clone .constprop.1]+0x2aa
V  [libjvm.so+0x8fa1ef]  jni_CallStaticVoidMethodV+0xdf
C  [libjazzer_driver_955939957580802072.so+0xe4558]  JNIEnv_::CallStaticVoidMethod(_jclass*, _jmethodID*, ...)+0x78
C  [libjazzer_driver_955939957580802072.so+0xe44b0]  jazzer::DumpJvmStackTraces()+0x70
C  [libjazzer_driver_955939957580802072.so+0x127df9]  fuzzer::PrintStackTrace()+0x29
C  [libjazzer_driver_955939957580802072.so+0x103be1]  fuzzer::Fuzzer::AlarmCallback()+0xf1


---------------  P R O C E S S  ---------------

Threads class SMR info:
_java_thread_list=0x00007f91540014e0, length=11, elements={
0x00000000013ab000, 0x00000000013ee000, 0x00000000013f0000, 0x00000000013f6800,
0x00000000013f8800, 0x00000000013fa800, 0x00000000013fc800, 0x00000000013fe800,
0x00000000014aa000, 0x00007f9174001000, 0x00007f9174003000
}

Java Threads: ( => current thread )
  0x00000000013ab000 JavaThread "main" [_thread_blocked, id=132276, stack(0x00007ffed7cba000,0x00007ffed7dba000)]
  0x00000000013ee000 JavaThread "Reference Handler" daemon [_thread_blocked, id=132279, stack(0x00007f918b86f000,0x00007f918b96f000)]
  0x00000000013f0000 JavaThread "Finalizer" daemon [_thread_blocked, id=132280, stack(0x00007f918b76f000,0x00007f918b86f000)]
  0x00000000013f6800 JavaThread "Signal Dispatcher" daemon [_thread_blocked, id=132281, stack(0x00007f918b66f000,0x00007f918b76f000)]
  0x00000000013f8800 JavaThread "Service Thread" daemon [_thread_blocked, id=132282, stack(0x00007f918af00000,0x00007f918b000000)]
=>0x00000000013fa800 JavaThread "C2 CompilerThread0" daemon [_thread_in_vm, id=132283, stack(0x00007f918ae00000,0x00007f918af00000)]
  0x00000000013fc800 JavaThread "C1 CompilerThread0" daemon [_thread_blocked, id=132284, stack(0x00007f918ad00000,0x00007f918ae00000)]
  0x00000000013fe800 JavaThread "Sweeper thread" daemon [_thread_blocked, id=132285, stack(0x00007f918ac00000,0x00007f918ad00000)]
  0x00000000014aa000 JavaThread "Common-Cleaner" daemon [_thread_blocked, id=132287, stack(0x00007f918a9fe000,0x00007f918aafe000)]
  0x00007f9174001000 JavaThread "Attach Listener" daemon [_thread_blocked, id=132309, stack(0x00007f918a7fe000,0x00007f918a8fe000)]
  0x00007f9174003000 JavaThread "SIGHUP handler" daemon [_thread_blocked, id=147997, stack(0x00007f91899fe000,0x00007f9189afe000)]

Other Threads:
  0x00000000013eb000 VMThread "VM Thread" [stack: 0x00007f918b971000,0x00007f918ba71000] [id=132278]
  0x00000000014a3800 WatcherThread [stack: 0x00007f918ab00000,0x00007f918ac00000] [id=132286]
  0x00000000013c4000 GCTaskThread "ParGC Thread#0" [stack: 0x00007f91ad900000,0x00007f91ada00000] [id=132277]
  0x00007f9184001000 GCTaskThread "ParGC Thread#1" [stack: 0x00007f91897fe000,0x00007f91898fe000] [id=132326]
  0x00007f9184002800 GCTaskThread "ParGC Thread#2" [stack: 0x00007f91896fc000,0x00007f91897fc000] [id=132327]
  0x00007f9184004800 GCTaskThread "ParGC Thread#3" [stack: 0x00007f91895fa000,0x00007f91896fa000] [id=132328]
  0x00007f9184006800 GCTaskThread "ParGC Thread#4" [stack: 0x00007f91894f8000,0x00007f91895f8000] [id=132329]
  0x00007f9184008800 GCTaskThread "ParGC Thread#5" [stack: 0x00007f91893f6000,0x00007f91894f6000] [id=132330]
  0x00007f918400a000 GCTaskThread "ParGC Thread#6" [stack: 0x00007f91892f4000,0x00007f91893f4000] [id=132331]
  0x00007f918400b800 GCTaskThread "ParGC Thread#7" [stack: 0x00007f91891f2000,0x00007f91892f2000] [id=132332]

Threads with active compile tasks:

VM state:synchronizing (normal execution)

VM Mutex/Monitor currently owned by a thread:  ([mutex/lock_event])
[0x00000000013a91c0] Threads_lock - owner thread: 0x00000000013eb000

Heap address: 0x000000008f800000, size: 1800 MB, Compressed Oops mode: 32-bit
Narrow klass base: 0x0000000800000000, Narrow klass shift: 3
Compressed class space size: 1073741824 Address: 0x0000000840000000

Heap:
 PSYoungGen      total 561664K, used 480106K [0x00000000da800000, 0x0000000100000000, 0x0000000100000000)
  eden space 561152K, 85% used [0x00000000da800000,0x00000000f7cd2938,0x00000000fcc00000)
  from space 512K, 6% used [0x00000000fcc00000,0x00000000fcc08000,0x00000000fcc80000)
  to   space 28160K, 0% used [0x00000000fe480000,0x00000000fe480000,0x0000000100000000)
 ParOldGen       total 171008K, used 56478K [0x000000008f800000, 0x0000000099f00000, 0x00000000da800000)
  object space 171008K, 33% used [0x000000008f800000,0x0000000092f279d8,0x0000000099f00000)
 Metaspace       used 11842K, capacity 12359K, committed 12544K, reserved 1060864K
  class space    used 960K, capacity 1180K, committed 1280K, reserved 1048576K

Card table byte_map: [0x00007f9195c7b000,0x00007f9196000000] _byte_map_base: 0x00007f91957ff000

Marking Bits: (ParMarkBitMap*) 0x00007f91af0a8e80
 Begin Bits: [0x00007f918c7c0000, 0x00007f918e3e0000)
 End Bits:   [0x00007f918e3e0000, 0x00007f9190000000)

Polling page: 0x00007f91af581000

Metaspace:

Usage:
  Non-class:     10.92 MB capacity,    10.63 MB ( 97%) used,   247.78 KB (  2%) free+waste,    49.44 KB ( <1%) overhead. 
      Class:      1.15 MB capacity,   960.71 KB ( 81%) used,   195.29 KB ( 17%) free+waste,    24.00 KB (  2%) overhead. 
       Both:     12.07 MB capacity,    11.56 MB ( 96%) used,   443.07 KB (  4%) free+waste,    73.44 KB ( <1%) overhead. 

Virtual space:
  Non-class space:       12.00 MB reserved,      11.00 MB ( 92%) committed 
      Class space:        1.00 GB reserved,       1.25 MB ( <1%) committed 
             Both:        1.01 GB reserved,      12.25 MB (  1%) committed 

Chunk freelists:
   Non-Class:  45.00 KB
       Class:  4.00 KB
        Both:  49.00 KB

MaxMetaspaceSize: unlimited
CompressedClassSpaceSize: 1.00 GB
Initial GC threshold: 20.80 MB
Current GC threshold: 20.80 MB
CDS: on

CodeHeap 'non-profiled nmethods': size=120032Kb used=3356Kb max_used=3356Kb free=116675Kb
 bounds [0x00007f919dac8000, 0x00007f919de18000, 0x00007f91a5000000]
CodeHeap 'profiled nmethods': size=120028Kb used=10939Kb max_used=10939Kb free=109088Kb
 bounds [0x00007f9196591000, 0x00007f9197041000, 0x00007f919dac8000]
CodeHeap 'non-nmethods': size=5700Kb used=1209Kb max_used=1252Kb free=4490Kb
 bounds [0x00007f9196000000, 0x00007f9196270000, 0x00007f9196591000]
 total_blobs=4861 nmethods=4383 adapters=393
 compilation: enabled
              stopped_count=0, restarted_count=0
 full_count=0

Compilation events (20 events):
Event: 4.445 Thread 0x00007f9170069800 4433       4       java.util.ArrayList::hashCode (22 bytes)
Event: 4.448 Thread 0x00007f9170069800 nmethod 4433 0x00007f919ddece10 code [0x00007f919ddecfc0, 0x00007f919dded1d8]
Event: 4.460 Thread 0x00007f917037a000 nmethod 4434 0x00007f919dded390 code [0x00007f919dded600, 0x00007f919ddee3e0]
Event: 4.468 Thread 0x00007f9170069800 4435       4       ast.BooleanConstant::toString (33 bytes)
Event: 4.470 Thread 0x00007f9170069800 nmethod 4435 0x00007f919ddeef10 code [0x00007f919ddef0c0, 0x00007f919ddef1c8]
Event: 4.523 Thread 0x00000000013fa800 nmethod 4428% 0x00007f919ddef290 code [0x00007f919ddef820, 0x00007f919ddf42a8]
Event: 4.553 Thread 0x00007f917037a000 4436       4       simulator2.tree.Tree::<init> (57 bytes)
Event: 4.563 Thread 0x00007f917037a000 nmethod 4436 0x00007f919ddf7110 code [0x00007f919ddf72e0, 0x00007f919ddf76c8]
Event: 4.564 Thread 0x00007f9170069800 4437       4       simulator2.simulator.Simulator::getEnabledTransitions (431 bytes)
Event: 4.623 Thread 0x00000000013fa800 4438       4       ast.BooleanConstant::equals (41 bytes)
Event: 4.625 Thread 0x00000000013fa800 nmethod 4438 0x00007f919ddf7990 code [0x00007f919ddf7b40, 0x00007f919ddf7c68]
Event: 4.687 Thread 0x00007f9170069800 nmethod 4437 0x00007f919ddf7d90 code [0x00007f919ddf82a0, 0x00007f919ddfc780]
Event: 5.324 Thread 0x00007f917037a000 4439       4       simulator2.simulator.Simulator::printCurrentExecutionInfo (176 bytes)
Event: 5.402 Thread 0x00007f917037a000 nmethod 4439 0x00007f919ddffe10 code [0x00007f919de00160, 0x00007f919de02d20]
Event: 5.741 Thread 0x00000000013fc800 4440   !   3       java.lang.ref.ReferenceQueue::enqueue (119 bytes)
Event: 5.742 Thread 0x00000000013fc800 nmethod 4440 0x00007f919703e790 code [0x00007f919703e980, 0x00007f919703f080]
Event: 5.742 Thread 0x00000000013fc800 4442       3       java.lang.ref.ReferenceQueue::reallyPoll (65 bytes)
Event: 5.742 Thread 0x00000000013fc800 nmethod 4442 0x00007f919703f290 code [0x00007f919703f460, 0x00007f919703f8d0]
Event: 6.026 Thread 0x00000000013fa800 4444       4       simulator2.simulator.Simulator::simulationStep (692 bytes)
Event: 6.231 Thread 0x00000000013fa800 nmethod 4444 0x00007f919de05290 code [0x00007f919de05c60, 0x00007f919de0ad68]

GC Heap History (20 events):
Event: 1.001 GC heap before
{Heap before GC invocations=2 (full 0):
 PSYoungGen      total 74752K, used 73061K [0x00000000da800000, 0x00000000e3a00000, 0x0000000100000000)
  eden space 64512K, 100% used [0x00000000da800000,0x00000000de700000,0x00000000de700000)
  from space 10240K, 83% used [0x00000000de700000,0x00000000def595f0,0x00000000df100000)
  to   space 10240K, 0% used [0x00000000e3000000,0x00000000e3000000,0x00000000e3a00000)
 ParOldGen       total 171008K, used 8K [0x000000008f800000, 0x0000000099f00000, 0x00000000da800000)
  object space 171008K, 0% used [0x000000008f800000,0x000000008f802000,0x0000000099f00000)
 Metaspace       used 5776K, capacity 7279K, committed 7552K, reserved 1056768K
  class space    used 491K, capacity 640K, committed 640K, reserved 1048576K
}
Event: 1.024 GC heap after
{Heap after GC invocations=2 (full 0):
 PSYoungGen      total 139264K, used 10230K [0x00000000da800000, 0x00000000e3a00000, 0x0000000100000000)
  eden space 129024K, 0% used [0x00000000da800000,0x00000000da800000,0x00000000e2600000)
  from space 10240K, 99% used [0x00000000e3000000,0x00000000e39fda60,0x00000000e3a00000)
  to   space 10240K, 0% used [0x00000000e2600000,0x00000000e2600000,0x00000000e3000000)
 ParOldGen       total 171008K, used 7852K [0x000000008f800000, 0x0000000099f00000, 0x00000000da800000)
  object space 171008K, 4% used [0x000000008f800000,0x000000008ffab1a8,0x0000000099f00000)
 Metaspace       used 5776K, capacity 7279K, committed 7552K, reserved 1056768K
  class space    used 491K, capacity 640K, committed 640K, reserved 1048576K
}
Event: 1.252 GC heap before
{Heap before GC invocations=3 (full 0):
 PSYoungGen      total 139264K, used 139254K [0x00000000da800000, 0x00000000e3a00000, 0x0000000100000000)
  eden space 129024K, 100% used [0x00000000da800000,0x00000000e2600000,0x00000000e2600000)
  from space 10240K, 99% used [0x00000000e3000000,0x00000000e39fda60,0x00000000e3a00000)
  to   space 10240K, 0% used [0x00000000e2600000,0x00000000e2600000,0x00000000e3000000)
 ParOldGen       total 171008K, used 7852K [0x000000008f800000, 0x0000000099f00000, 0x00000000da800000)
  object space 171008K, 4% used [0x000000008f800000,0x000000008ffab1a8,0x0000000099f00000)
 Metaspace       used 6120K, capacity 7588K, committed 7936K, reserved 1056768K
  class space    used 516K, capacity 678K, committed 768K, reserved 1048576K
}
Event: 1.273 GC heap after
{Heap after GC invocations=3 (full 0):
 PSYoungGen      total 139264K, used 10216K [0x00000000da800000, 0x00000000eb800000, 0x0000000100000000)
  eden space 129024K, 0% used [0x00000000da800000,0x00000000da800000,0x00000000e2600000)
  from space 10240K, 99% used [0x00000000e2600000,0x00000000e2ffa000,0x00000000e3000000)
  to   space 10240K, 0% used [0x00000000eae00000,0x00000000eae00000,0x00000000eb800000)
 ParOldGen       total 171008K, used 15944K [0x000000008f800000, 0x0000000099f00000, 0x00000000da800000)
  object space 171008K, 9% used [0x000000008f800000,0x00000000907921d8,0x0000000099f00000)
 Metaspace       used 6120K, capacity 7588K, committed 7936K, reserved 1056768K
  class space    used 516K, capacity 678K, committed 768K, reserved 1048576K
}
Event: 1.386 GC heap before
{Heap before GC invocations=4 (full 0):
 PSYoungGen      total 139264K, used 139240K [0x00000000da800000, 0x00000000eb800000, 0x0000000100000000)
  eden space 129024K, 100% used [0x00000000da800000,0x00000000e2600000,0x00000000e2600000)
  from space 10240K, 99% used [0x00000000e2600000,0x00000000e2ffa000,0x00000000e3000000)
  to   space 10240K, 0% used [0x00000000eae00000,0x00000000eae00000,0x00000000eb800000)
 ParOldGen       total 171008K, used 15944K [0x000000008f800000, 0x0000000099f00000, 0x00000000da800000)
  object space 171008K, 9% used [0x000000008f800000,0x00000000907921d8,0x0000000099f00000)
 Metaspace       used 6161K, capacity 7588K, committed 7936K, reserved 1056768K
  class space    used 517K, capacity 678K, committed 768K, reserved 1048576K
}
Event: 1.397 GC heap after
{Heap after GC invocations=4 (full 0):
 PSYoungGen      total 268288K, used 10239K [0x00000000da800000, 0x00000000eb800000, 0x0000000100000000)
  eden space 258048K, 0% used [0x00000000da800000,0x00000000da800000,0x00000000ea400000)
  from space 10240K, 99% used [0x00000000eae00000,0x00000000eb7ffc78,0x00000000eb800000)
  to   space 10240K, 0% used [0x00000000ea400000,0x00000000ea400000,0x00000000eae00000)
 ParOldGen       total 171008K, used 18914K [0x000000008f800000, 0x0000000099f00000, 0x00000000da800000)
  object space 171008K, 11% used [0x000000008f800000,0x0000000090a78808,0x0000000099f00000)
 Metaspace       used 6161K, capacity 7588K, committed 7936K, reserved 1056768K
  class space    used 517K, capacity 678K, committed 768K, reserved 1048576K
}
Event: 1.613 GC heap before
{Heap before GC invocations=5 (full 0):
 PSYoungGen      total 268288K, used 268287K [0x00000000da800000, 0x00000000eb800000, 0x0000000100000000)
  eden space 258048K, 100% used [0x00000000da800000,0x00000000ea400000,0x00000000ea400000)
  from space 10240K, 99% used [0x00000000eae00000,0x00000000eb7ffc78,0x00000000eb800000)
  to   space 10240K, 0% used [0x00000000ea400000,0x00000000ea400000,0x00000000eae00000)
 ParOldGen       total 171008K, used 18914K [0x000000008f800000, 0x0000000099f00000, 0x00000000da800000)
  object space 171008K, 11% used [0x000000008f800000,0x0000000090a78808,0x0000000099f00000)
 Metaspace       used 6162K, capacity 7588K, committed 7936K, reserved 1056768K
  class space    used 518K, capacity 678K, committed 768K, reserved 1048576K
}
Event: 1.626 GC heap after
{Heap after GC invocations=5 (full 0):
 PSYoungGen      total 268288K, used 10230K [0x00000000da800000, 0x00000000fd000000, 0x0000000100000000)
  eden space 258048K, 0% used [0x00000000da800000,0x00000000da800000,0x00000000ea400000)
  from space 10240K, 99% used [0x00000000ea400000,0x00000000eadfdb90,0x00000000eae00000)
  to   space 24576K, 0% used [0x00000000fb800000,0x00000000fb800000,0x00000000fd000000)
 ParOldGen       total 171008K, used 29017K [0x000000008f800000, 0x0000000099f00000, 0x00000000da800000)
  object space 171008K, 16% used [0x000000008f800000,0x00000000914565f0,0x0000000099f00000)
 Metaspace       used 6162K, capacity 7588K, committed 7936K, reserved 1056768K
  class space    used 518K, capacity 678K, committed 768K, reserved 1048576K
}
Event: 1.753 GC heap before
{Heap before GC invocations=6 (full 0):
 PSYoungGen      total 268288K, used 268278K [0x00000000da800000, 0x00000000fd000000, 0x0000000100000000)
  eden space 258048K, 100% used [0x00000000da800000,0x00000000ea400000,0x00000000ea400000)
  from space 10240K, 99% used [0x00000000ea400000,0x00000000eadfdb90,0x00000000eae00000)
  to   space 24576K, 0% used [0x00000000fb800000,0x00000000fb800000,0x00000000fd000000)
 ParOldGen       total 171008K, used 29017K [0x000000008f800000, 0x0000000099f00000, 0x00000000da800000)
  object space 171008K, 16% used [0x000000008f800000,0x00000000914565f0,0x0000000099f00000)
 Metaspace       used 6167K, capacity 7588K, committed 7936K, reserved 1056768K
  class space    used 518K, capacity 678K, committed 768K, reserved 1048576K
}
Event: 1.765 GC heap after
{Heap after GC invocations=6 (full 0):
 PSYoungGen      total 539648K, used 20480K [0x00000000da800000, 0x00000000fd200000, 0x0000000100000000)
  eden space 515072K, 0% used [0x00000000da800000,0x00000000da800000,0x00000000f9f00000)
  from space 24576K, 83% used [0x00000000fb800000,0x00000000fcc00090,0x00000000fd000000)
  to   space 25600K, 0% used [0x00000000f9f00000,0x00000000f9f00000,0x00000000fb800000)
 ParOldGen       total 171008K, used 29017K [0x000000008f800000, 0x0000000099f00000, 0x00000000da800000)
  object space 171008K, 16% used [0x000000008f800000,0x00000000914565f0,0x0000000099f00000)
 Metaspace       used 6167K, capacity 7588K, committed 7936K, reserved 1056768K
  class space    used 518K, capacity 678K, committed 768K, reserved 1048576K
}
Event: 2.336 GC heap before
{Heap before GC invocations=7 (full 0):
 PSYoungGen      total 539648K, used 535552K [0x00000000da800000, 0x00000000fd200000, 0x0000000100000000)
  eden space 515072K, 100% used [0x00000000da800000,0x00000000f9f00000,0x00000000f9f00000)
  from space 24576K, 83% used [0x00000000fb800000,0x00000000fcc00090,0x00000000fd000000)
  to   space 25600K, 0% used [0x00000000f9f00000,0x00000000f9f00000,0x00000000fb800000)
 ParOldGen       total 171008K, used 29017K [0x000000008f800000, 0x0000000099f00000, 0x00000000da800000)
  object space 171008K, 16% used [0x000000008f800000,0x00000000914565f0,0x0000000099f00000)
 Metaspace       used 8447K, capacity 8644K, committed 8960K, reserved 1056768K
  class space    used 647K, capacity 749K, committed 768K, reserved 1048576K
}
Event: 2.357 GC heap after
{Heap after GC invocations=7 (full 0):
 PSYoungGen      total 540672K, used 19936K [0x00000000da800000, 0x0000000100000000, 0x0000000100000000)
  eden space 515072K, 0% used [0x00000000da800000,0x00000000da800000,0x00000000f9f00000)
  from space 25600K, 77% used [0x00000000f9f00000,0x00000000fb2780b0,0x00000000fb800000)
  to   space 26112K, 0% used [0x00000000fe680000,0x00000000fe680000,0x0000000100000000)
 ParOldGen       total 171008K, used 37308K [0x000000008f800000, 0x0000000099f00000, 0x00000000da800000)
  object space 171008K, 21% used [0x000000008f800000,0x0000000091c6f160,0x0000000099f00000)
 Metaspace       used 8447K, capacity 8644K, committed 8960K, reserved 1056768K
  class space    used 647K, capacity 749K, committed 768K, reserved 1048576K
}
Event: 3.608 GC heap before
{Heap before GC invocations=8 (full 0):
 PSYoungGen      total 540672K, used 535008K [0x00000000da800000, 0x0000000100000000, 0x0000000100000000)
  eden space 515072K, 100% used [0x00000000da800000,0x00000000f9f00000,0x00000000f9f00000)
  from space 25600K, 77% used [0x00000000f9f00000,0x00000000fb2780b0,0x00000000fb800000)
  to   space 26112K, 0% used [0x00000000fe680000,0x00000000fe680000,0x0000000100000000)
 ParOldGen       total 171008K, used 37308K [0x000000008f800000, 0x0000000099f00000, 0x00000000da800000)
  object space 171008K, 21% used [0x000000008f800000,0x0000000091c6f160,0x0000000099f00000)
 Metaspace       used 10568K, capacity 10941K, committed 11008K, reserved 1058816K
  class space    used 825K, capacity 959K, committed 1024K, reserved 1048576K
}
Event: 3.620 GC heap after
{Heap after GC invocations=8 (full 0):
 PSYoungGen      total 587264K, used 17024K [0x00000000da800000, 0x00000000ffe80000, 0x0000000100000000)
  eden space 562688K, 0% used [0x00000000da800000,0x00000000da800000,0x00000000fcd80000)
  from space 24576K, 69% used [0x00000000fe680000,0x00000000ff720080,0x00000000ffe80000)
  to   space 25088K, 0% used [0x00000000fcd80000,0x00000000fcd80000,0x00000000fe600000)
 ParOldGen       total 171008K, used 37684K [0x000000008f800000, 0x0000000099f00000, 0x00000000da800000)
  object space 171008K, 22% used [0x000000008f800000,0x0000000091ccd160,0x0000000099f00000)
 Metaspace       used 10568K, capacity 10941K, committed 11008K, reserved 1058816K
  class space    used 825K, capacity 959K, committed 1024K, reserved 1048576K
}
Event: 5.726 GC heap before
{Heap before GC invocations=9 (full 0):
 PSYoungGen      total 587264K, used 579712K [0x00000000da800000, 0x00000000ffe80000, 0x0000000100000000)
  eden space 562688K, 100% used [0x00000000da800000,0x00000000fcd80000,0x00000000fcd80000)
  from space 24576K, 69% used [0x00000000fe680000,0x00000000ff720080,0x00000000ffe80000)
  to   space 25088K, 0% used [0x00000000fcd80000,0x00000000fcd80000,0x00000000fe600000)
 ParOldGen       total 171008K, used 37684K [0x000000008f800000, 0x0000000099f00000, 0x00000000da800000)
  object space 171008K, 22% used [0x000000008f800000,0x0000000091ccd160,0x0000000099f00000)
 Metaspace       used 11838K, capacity 12359K, committed 12544K, reserved 1060864K
  class space    used 960K, capacity 1180K, committed 1280K, reserved 1048576K
}
Event: 5.741 GC heap after
{Heap after GC invocations=9 (full 0):
 PSYoungGen      total 587776K, used 15121K [0x00000000da800000, 0x00000000fff80000, 0x0000000100000000)
  eden space 562688K, 0% used [0x00000000da800000,0x00000000da800000,0x00000000fcd80000)
  from space 25088K, 60% used [0x00000000fcd80000,0x00000000fdc44560,0x00000000fe600000)
  to   space 24576K, 0% used [0x00000000fe780000,0x00000000fe780000,0x00000000fff80000)
 ParOldGen       total 171008K, used 40172K [0x000000008f800000, 0x0000000099f00000, 0x00000000da800000)
  object space 171008K, 23% used [0x000000008f800000,0x0000000091f3b1d0,0x0000000099f00000)
 Metaspace       used 11838K, capacity 12359K, committed 12544K, reserved 1060864K
  class space    used 960K, capacity 1180K, committed 1280K, reserved 1048576K
}
Event: 6.992 GC heap before
{Heap before GC invocations=10 (full 0):
 PSYoungGen      total 587776K, used 577809K [0x00000000da800000, 0x00000000fff80000, 0x0000000100000000)
  eden space 562688K, 100% used [0x00000000da800000,0x00000000fcd80000,0x00000000fcd80000)
  from space 25088K, 60% used [0x00000000fcd80000,0x00000000fdc44560,0x00000000fe600000)
  to   space 24576K, 0% used [0x00000000fe780000,0x00000000fe780000,0x00000000fff80000)
 ParOldGen       total 171008K, used 40172K [0x000000008f800000, 0x0000000099f00000, 0x00000000da800000)
  object space 171008K, 23% used [0x000000008f800000,0x0000000091f3b1d0,0x0000000099f00000)
 Metaspace       used 11840K, capacity 12359K, committed 12544K, reserved 1060864K
  class space    used 960K, capacity 1180K, committed 1280K, reserved 1048576K
}
Event: 7.019 GC heap after
{Heap after GC invocations=10 (full 0):
 PSYoungGen      total 585728K, used 720K [0x00000000da800000, 0x0000000100000000, 0x0000000100000000)
  eden space 561152K, 0% used [0x00000000da800000,0x00000000da800000,0x00000000fcc00000)
  from space 24576K, 2% used [0x00000000fe780000,0x00000000fe834250,0x00000000fff80000)
  to   space 26624K, 0% used [0x00000000fcc00000,0x00000000fcc00000,0x00000000fe600000)
 ParOldGen       total 171008K, used 55825K [0x000000008f800000, 0x0000000099f00000, 0x00000000da800000)
  object space 171008K, 32% used [0x000000008f800000,0x0000000092e84738,0x0000000099f00000)
 Metaspace       used 11840K, capacity 12359K, committed 12544K, reserved 1060864K
  class space    used 960K, capacity 1180K, committed 1280K, reserved 1048576K
}
Event: 8.256 GC heap before
{Heap before GC invocations=11 (full 0):
 PSYoungGen      total 585728K, used 561872K [0x00000000da800000, 0x0000000100000000, 0x0000000100000000)
  eden space 561152K, 100% used [0x00000000da800000,0x00000000fcc00000,0x00000000fcc00000)
  from space 24576K, 2% used [0x00000000fe780000,0x00000000fe834250,0x00000000fff80000)
  to   space 26624K, 0% used [0x00000000fcc00000,0x00000000fcc00000,0x00000000fe600000)
 ParOldGen       total 171008K, used 55825K [0x000000008f800000, 0x0000000099f00000, 0x00000000da800000)
  object space 171008K, 32% used [0x000000008f800000,0x0000000092e84738,0x0000000099f00000)
 Metaspace       used 11840K, capacity 12359K, committed 12544K, reserved 1060864K
  class space    used 960K, capacity 1180K, committed 1280K, reserved 1048576K
}
Event: 8.259 GC heap after
{Heap after GC invocations=11 (full 0):
 PSYoungGen      total 561664K, used 32K [0x00000000da800000, 0x0000000100000000, 0x0000000100000000)
  eden space 561152K, 0% used [0x00000000da800000,0x00000000da800000,0x00000000fcc00000)
  from space 512K, 6% used [0x00000000fcc00000,0x00000000fcc08000,0x00000000fcc80000)
  to   space 28160K, 0% used [0x00000000fe480000,0x00000000fe480000,0x0000000100000000)
 ParOldGen       total 171008K, used 56478K [0x000000008f800000, 0x0000000099f00000, 0x00000000da800000)
  object space 171008K, 33% used [0x000000008f800000,0x0000000092f279d8,0x0000000099f00000)
 Metaspace       used 11840K, capacity 12359K, committed 12544K, reserved 1060864K
  class space    used 960K, capacity 1180K, committed 1280K, reserved 1048576K
}

Deoptimization events (20 events):
Event: 3.939 Thread 0x00000000013ab000 Uncommon trap: trap_request=0xffffffde fr.pc=0x00007f919ddaf63c relative=0x000000000000011c
Event: 3.939 Thread 0x00000000013ab000 Uncommon trap: reason=class_check action=maybe_recompile pc=0x00007f919ddaf63c method=jdk.internal.misc.Unsafe.allocateUninitializedArray(Ljava/lang/Class;I)Ljava/lang/Object; @ 48 c2
Event: 3.939 Thread 0x00000000013ab000 DEOPT PACKING pc=0x00007f919ddaf63c sp=0x00007ffed7db60a0
Event: 3.939 Thread 0x00000000013ab000 DEOPT UNPACKING pc=0x00007f9196049ea5 sp=0x00007ffed7db6048 mode 2
Event: 3.939 Thread 0x00000000013ab000 Uncommon trap: trap_request=0xffffffde fr.pc=0x00007f919ddaf63c relative=0x000000000000011c
Event: 3.939 Thread 0x00000000013ab000 Uncommon trap: reason=class_check action=maybe_recompile pc=0x00007f919ddaf63c method=jdk.internal.misc.Unsafe.allocateUninitializedArray(Ljava/lang/Class;I)Ljava/lang/Object; @ 48 c2
Event: 3.939 Thread 0x00000000013ab000 DEOPT PACKING pc=0x00007f919ddaf63c sp=0x00007ffed7db60a0
Event: 3.939 Thread 0x00000000013ab000 DEOPT UNPACKING pc=0x00007f9196049ea5 sp=0x00007ffed7db6048 mode 2
Event: 4.226 Thread 0x00000000013ab000 Uncommon trap: trap_request=0xffffff4d fr.pc=0x00007f919dddb7d8 relative=0x0000000000003678
Event: 4.226 Thread 0x00000000013ab000 Uncommon trap: reason=unstable_if action=reinterpret pc=0x00007f919dddb7d8 method=simulator2.simulator.ActionLanguageInterpreter.evaluate(Last/Expression;Ljava/util/Map;)Last/Expression; @ 2080 c2
Event: 4.226 Thread 0x00000000013ab000 DEOPT PACKING pc=0x00007f919dddb7d8 sp=0x00007ffed7db5e90
Event: 4.226 Thread 0x00000000013ab000 DEOPT UNPACKING pc=0x00007f9196049ea5 sp=0x00007ffed7db5cd8 mode 2
Event: 4.432 Thread 0x00000000013ab000 DEOPT PACKING pc=0x00007f9196fdf662 sp=0x00007ffed7db5df0
Event: 4.432 Thread 0x00000000013ab000 DEOPT UNPACKING pc=0x00007f919604a64a sp=0x00007ffed7db52b8 mode 0
Event: 4.564 Thread 0x00000000013ab000 DEOPT PACKING pc=0x00007f9196fceb90 sp=0x00007ffed7db5f70
Event: 4.564 Thread 0x00000000013ab000 DEOPT UNPACKING pc=0x00007f919604a64a sp=0x00007ffed7db5528 mode 0
Event: 4.624 Thread 0x00000000013ab000 DEOPT PACKING pc=0x00007f9196fceb90 sp=0x00007ffed7db5f70
Event: 4.624 Thread 0x00000000013ab000 DEOPT UNPACKING pc=0x00007f919604a64a sp=0x00007ffed7db5528 mode 0
Event: 4.683 Thread 0x00000000013ab000 DEOPT PACKING pc=0x00007f9196fceb90 sp=0x00007ffed7db5f70
Event: 4.683 Thread 0x00000000013ab000 DEOPT UNPACKING pc=0x00007f919604a64a sp=0x00007ffed7db5528 mode 0

Classes redefined (19 events):
Event: 3.025 Thread 0x00000000013eb000 redefined class name=java.util.regex.Pattern$BnM, count=1
Event: 3.026 Thread 0x00000000013eb000 redefined class name=java.util.regex.Pattern$BackRef, count=1
Event: 3.027 Thread 0x00000000013eb000 redefined class name=java.util.regex.Pattern$GroupCurly, count=1
Event: 3.027 Thread 0x00000000013eb000 redefined class name=java.util.regex.Pattern$Curly, count=1
Event: 3.028 Thread 0x00000000013eb000 redefined class name=java.util.regex.Pattern$StartS, count=1
Event: 3.029 Thread 0x00000000013eb000 redefined class name=java.lang.ProcessBuilder, count=1
Event: 3.030 Thread 0x00000000013eb000 redefined class name=java.util.regex.Matcher, count=1
Event: 3.030 Thread 0x00000000013eb000 redefined class name=java.util.regex.Pattern$Start, count=1
Event: 3.031 Thread 0x00000000013eb000 redefined class name=java.util.regex.Pattern$First, count=1
Event: 3.032 Thread 0x00000000013eb000 redefined class name=java.util.regex.Pattern$Slice, count=1
Event: 3.032 Thread 0x00000000013eb000 redefined class name=java.util.regex.Pattern$Branch, count=1
Event: 3.033 Thread 0x00000000013eb000 redefined class name=java.util.regex.Pattern$BranchConn, count=1
Event: 3.034 Thread 0x00000000013eb000 redefined class name=java.util.regex.Pattern$Ques, count=1
Event: 3.034 Thread 0x00000000013eb000 redefined class name=java.util.regex.Pattern$BmpCharPropertyGreedy, count=1
Event: 3.035 Thread 0x00000000013eb000 redefined class name=java.util.regex.Pattern$CharPropertyGreedy, count=1
Event: 3.036 Thread 0x00000000013eb000 redefined class name=java.util.regex.Pattern$BmpCharProperty, count=1
Event: 3.036 Thread 0x00000000013eb000 redefined class name=java.util.regex.Pattern$CharProperty, count=1
Event: 3.037 Thread 0x00000000013eb000 redefined class name=java.util.regex.Pattern$GroupHead, count=1
Event: 3.038 Thread 0x00000000013eb000 redefined class name=java.util.regex.Pattern, count=1

Internal exceptions (20 events):
Event: 3.180 Thread 0x00000000013ab000 Exception <a 'java/lang/NoSuchMethodError'{0x00000000f6392c20}: 'void java.lang.invoke.DirectMethodHandle$Holder.invokeStaticInit(java.lang.Object, java.lang.Object)'> (0x00000000f6392c20) thrown at [./src/hotspot/share/interpreter/linkResolver.cpp, line 772]
Event: 3.210 Thread 0x00000000013ab000 Exception <a 'java/lang/NoSuchMethodError'{0x00000000f63f5a28}: 'void java.lang.invoke.Invokers$Holder.invoke_MT(java.lang.Object, java.lang.Object, java.lang.Object)'> (0x00000000f63f5a28) thrown at [./src/hotspot/share/interpreter/linkResolver.cpp, line 772]
Event: 3.482 Thread 0x00000000013ab000 Exception <a 'java/lang/NoSuchMethodError'{0x00000000f8211430}: 'void java.lang.invoke.Invokers$Holder.invokeExact_MT(java.lang.Object, java.lang.Object, java.lang.Object)'> (0x00000000f8211430) thrown at [./src/hotspot/share/interpreter/linkResolver.cpp, line 772]
Event: 3.706 Thread 0x00000000013ab000 Exception <a 'java/lang/NoSuchMethodError'{0x00000000dc5140d0}: 'int java.lang.invoke.DirectMethodHandle$Holder.invokeVirtual(java.lang.Object, java.lang.Object, java.lang.Object)'> (0x00000000dc5140d0) thrown at [./src/hotspot/share/interpreter/linkResolver.cpp, line 772]
Event: 3.759 Thread 0x00000000013ab000 Exception <a 'java/lang/NoSuchMethodError'{0x00000000dddb12c0}: 'java.lang.Object java.lang.invoke.DirectMethodHandle$Holder.invokeInterface(java.lang.Object, java.lang.Object, java.lang.Object)'> (0x00000000dddb12c0) thrown at [./src/hotspot/share/interpreter/linkResolver.cpp, line 772]
Event: 3.790 Thread 0x00000000013ab000 Exception <a 'java/lang/NoSuchMethodError'{0x00000000de1ad6b0}: 'java.lang.Object java.lang.invoke.DirectMethodHandle$Holder.invokeStatic(java.lang.Object, java.lang.Object, java.lang.Object, java.lang.Object, java.lang.Object, java.lang.Object, java.lang.Object, java.lang.Object, java.lang.Object, java.lang.Object, java.lang.Object, java.lang.Object, java.lang.Object, java.lang.Object, java.lang.Object)'> (0x00000000de1ad6b0) thrown at [./src/hotspot/share/interpreter/linkResolver.cpp, line 772]
Event: 3.791 Thread 0x00000000013ab000 Exception <a 'java/lang/NoSuchMethodError'{0x00000000de1bfce8}: 'java.lang.Object java.lang.invoke.DirectMethodHandle$Holder.invokeStatic(java.lang.Object, java.lang.Object, java.lang.Object, java.lang.Object, java.lang.Object, java.lang.Object, java.lang.Object, java.lang.Object, java.lang.Object, java.lang.Object, java.lang.Object, java.lang.Object, java.lang.Object, java.lang.Object, java.lang.Object, java.lang.Object)'> (0x00000000de1bfce8) thrown at [./src/hotspot/share/interpreter/linkResolver.cpp, l
Event: 3.792 Thread 0x00000000013ab000 Exception <a 'java/lang/NoSuchMethodError'{0x00000000de1cdc08}: 'java.lang.Object java.lang.invoke.DirectMethodHandle$Holder.invokeSpecial(java.lang.Object, java.lang.Object, int, int, java.lang.Object, java.lang.Object, java.lang.Object, java.lang.Object)'> (0x00000000de1cdc08) thrown at [./src/hotspot/share/interpreter/linkResolver.cpp, line 772]
Event: 3.792 Thread 0x00000000013ab000 Exception <a 'java/lang/NoSuchMethodError'{0x00000000de1d1340}: 'java.lang.Object java.lang.invoke.DelegatingMethodHandle$Holder.reinvoke_L(java.lang.Object, int, int, java.lang.Object, java.lang.Object, java.lang.Object, java.lang.Object)'> (0x00000000de1d1340) thrown at [./src/hotspot/share/interpreter/linkResolver.cpp, line 772]
Event: 3.794 Thread 0x00000000013ab000 Exception <a 'java/lang/NoSuchMethodError'{0x00000000de205c88}: 'java.lang.Object java.lang.invoke.DirectMethodHandle$Holder.invokeStatic(java.lang.Object, java.lang.Object, java.lang.Object, java.lang.Object, java.lang.Object, java.lang.Object, java.lang.Object, java.lang.Object, int)'> (0x00000000de205c88) thrown at [./src/hotspot/share/interpreter/linkResolver.cpp, line 772]
Event: 3.795 Thread 0x00000000013ab000 Exception <a 'java/lang/NoSuchMethodError'{0x00000000de224438}: 'java.lang.Object java.lang.invoke.DirectMethodHandle$Holder.invokeStatic(java.lang.Object, java.lang.Object, java.lang.Object, java.lang.Object, java.lang.Object, java.lang.Object, java.lang.Object, java.lang.Object, int, int)'> (0x00000000de224438) thrown at [./src/hotspot/share/interpreter/linkResolver.cpp, line 772]
Event: 3.797 Thread 0x00000000013ab000 Exception <a 'java/lang/NoSuchMethodError'{0x00000000de243b10}: 'java.lang.Object java.lang.invoke.DirectMethodHandle$Holder.invokeStatic(java.lang.Object, java.lang.Object, java.lang.Object, java.lang.Object, java.lang.Object, java.lang.Object, java.lang.Object, java.lang.Object, int, int, java.lang.Object)'> (0x00000000de243b10) thrown at [./src/hotspot/share/interpreter/linkResolver.cpp, line 772]
Event: 3.798 Thread 0x00000000013ab000 Exception <a 'java/lang/NoSuchMethodError'{0x00000000de264678}: 'java.lang.Object java.lang.invoke.DirectMethodHandle$Holder.invokeStatic(java.lang.Object, java.lang.Object, java.lang.Object, java.lang.Object, java.lang.Object, java.lang.Object, java.lang.Object, java.lang.Object, int, int, java.lang.Object, java.lang.Object)'> (0x00000000de264678) thrown at [./src/hotspot/share/interpreter/linkResolver.cpp, line 772]
Event: 3.806 Thread 0x00000000013ab000 Exception <a 'java/lang/NoSuchMethodError'{0x00000000de2ed7f0}: 'java.lang.Object java.lang.invoke.DirectMethodHandle$Holder.invokeStatic(java.lang.Object, java.lang.Object, java.lang.Object, java.lang.Object, java.lang.Object, java.lang.Object, java.lang.Object, java.lang.Object, java.lang.Object, java.lang.Object, java.lang.Object, java.lang.Object, java.lang.Object, int)'> (0x00000000de2ed7f0) thrown at [./src/hotspot/share/interpreter/linkResolver.cpp, line 772]
Event: 3.807 Thread 0x00000000013ab000 Exception <a 'java/lang/NoSuchMethodError'{0x00000000de2fe400}: 'java.lang.Object java.lang.invoke.DirectMethodHandle$Holder.invokeStatic(java.lang.Object, java.lang.Object, java.lang.Object, java.lang.Object, java.lang.Object, java.lang.Object, java.lang.Object, java.lang.Object, java.lang.Object, java.lang.Object, java.lang.Object, java.lang.Object, java.lang.Object, int, int)'> (0x00000000de2fe400) thrown at [./src/hotspot/share/interpreter/linkResolver.cpp, line 772]
Event: 3.816 Thread 0x00000000013ab000 Exception <a 'java/lang/NoSuchMethodError'{0x00000000de3a06d0}: 'java.lang.Object java.lang.invoke.DirectMethodHandle$Holder.invokeStatic(java.lang.Object, java.lang.Object, java.lang.Object, java.lang.Object, java.lang.Object, java.lang.Object, java.lang.Object, java.lang.Object, java.lang.Object, java.lang.Object, java.lang.Object, int)'> (0x00000000de3a06d0) thrown at [./src/hotspot/share/interpreter/linkResolver.cpp, line 772]
Event: 3.817 Thread 0x00000000013ab000 Exception <a 'java/lang/NoSuchMethodError'{0x00000000de3c26d8}: 'java.lang.Object java.lang.invoke.DirectMethodHandle$Holder.invokeStatic(java.lang.Object, java.lang.Object, java.lang.Object, java.lang.Object, java.lang.Object, java.lang.Object, java.lang.Object, java.lang.Object, java.lang.Object, java.lang.Object, java.lang.Object, int, int)'> (0x00000000de3c26d8) thrown at [./src/hotspot/share/interpreter/linkResolver.cpp, line 772]
Event: 3.819 Thread 0x00000000013ab000 Exception <a 'java/lang/NoSuchMethodError'{0x00000000de3e5858}: 'java.lang.Object java.lang.invoke.DirectMethodHandle$Holder.invokeStatic(java.lang.Object, java.lang.Object, java.lang.Object, java.lang.Object, java.lang.Object, java.lang.Object, java.lang.Object, java.lang.Object, java.lang.Object, java.lang.Object, java.lang.Object, int, int, java.lang.Object)'> (0x00000000de3e5858) thrown at [./src/hotspot/share/interpreter/linkResolver.cpp, line 772]
Event: 3.820 Thread 0x00000000013ab000 Exception <a 'java/lang/NoSuchMethodError'{0x00000000de40a130}: 'java.lang.Object java.lang.invoke.DirectMethodHandle$Holder.invokeStatic(java.lang.Object, java.lang.Object, java.lang.Object, java.lang.Object, java.lang.Object, java.lang.Object, java.lang.Object, java.lang.Object, java.lang.Object, java.lang.Object, java.lang.Object, int, int, java.lang.Object, java.lang.Object)'> (0x00000000de40a130) thrown at [./src/hotspot/share/interpreter/linkResolver.cpp, line 772]
Event: 3.854 Thread 0x00000000013ab000 Exception <a 'java/lang/NoSuchMethodError'{0x00000000dede0940}: 'java.lang.Object java.lang.invoke.DelegatingMethodHandle$Holder.reinvoke_L(java.lang.Object, int, java.lang.Object)'> (0x00000000dede0940) thrown at [./src/hotspot/share/interpreter/linkResolver.cpp, line 772]

Events (20 events):
Event: 3.855 loading class simulator2/simulator/FirstComparator
Event: 3.855 loading class simulator2/simulator/FirstComparator done
Event: 3.857 loading class java/util/TreeMap$KeySet
Event: 3.857 loading class java/util/TreeMap$KeySet done
Event: 3.857 loading class java/util/TreeMap$KeyIterator
Event: 3.857 loading class java/util/TreeMap$PrivateEntryIterator
Event: 3.857 loading class java/util/TreeMap$PrivateEntryIterator done
Event: 3.857 loading class java/util/TreeMap$KeyIterator done
Event: 3.875 Loaded shared library /usr/lib/jvm/java-11-openjdk-amd64/lib/server/libjvm.so
Event: 3.882 Executing VM operation: ICBufferFull
Event: 3.882 Executing VM operation: ICBufferFull done
Event: 5.726 Executing VM operation: ParallelGCFailedAllocation
Event: 5.741 Executing VM operation: ParallelGCFailedAllocation done
Event: 5.742 Thread 0x00007f917037a000 Thread exited: 0x00007f917037a000
Event: 6.026 Thread 0x00007f9170069800 Thread exited: 0x00007f9170069800
Event: 6.992 Executing VM operation: ParallelGCFailedAllocation
Event: 7.019 Executing VM operation: ParallelGCFailedAllocation done
Event: 8.256 Executing VM operation: ParallelGCFailedAllocation
Event: 8.259 Executing VM operation: ParallelGCFailedAllocation done
Event: 15111.022 loading class jdk/internal/misc/Signal$1


Dynamic libraries:
00200000-0021e000 r--p 00000000 08:03 5508515                            /home/iiitb/Documents/karthika/statechart-verification/src/dfa/jazzer
0021e000-00270000 r-xp 0001d000 08:03 5508515                            /home/iiitb/Documents/karthika/statechart-verification/src/dfa/jazzer
00270000-00276000 r--p 0006e000 08:03 5508515                            /home/iiitb/Documents/karthika/statechart-verification/src/dfa/jazzer
00276000-00277000 rw-p 00073000 08:03 5508515                            /home/iiitb/Documents/karthika/statechart-verification/src/dfa/jazzer
00277000-00279000 rw-p 00000000 00:00 0 
0137f000-01a9c000 rw-p 00000000 00:00 0                                  [heap]
8f800000-99f00000 rw-p 00000000 00:00 0 
99f00000-da800000 ---p 00000000 00:00 0 
da800000-100000000 rw-p 00000000 00:00 0 
800000000-800002000 rwxp 00001000 08:03 1443126                          /usr/lib/jvm/java-11-openjdk-amd64/lib/server/classes.jsa
800002000-8003ce000 rw-p 00003000 08:03 1443126                          /usr/lib/jvm/java-11-openjdk-amd64/lib/server/classes.jsa
8003ce000-800aa5000 rw-p 003cf000 08:03 1443126                          /usr/lib/jvm/java-11-openjdk-amd64/lib/server/classes.jsa
800aa5000-800aa6000 rw-p 00aa6000 08:03 1443126                          /usr/lib/jvm/java-11-openjdk-amd64/lib/server/classes.jsa
840000000-840140000 rw-p 00000000 00:00 0 
840140000-880000000 ---p 00000000 00:00 0 
7f90fa996000-7f90fc000000 rw-p 00000000 00:00 0 
7f90fc000000-7f90fc021000 rw-p 00000000 00:00 0 
7f90fc021000-7f9100000000 ---p 00000000 00:00 0 
7f9100000000-7f9100021000 rw-p 00000000 00:00 0 
7f9100021000-7f9104000000 ---p 00000000 00:00 0 
7f9104000000-7f9104021000 rw-p 00000000 00:00 0 
7f9104021000-7f9108000000 ---p 00000000 00:00 0 
7f9108000000-7f9108021000 rw-p 00000000 00:00 0 
7f9108021000-7f910c000000 ---p 00000000 00:00 0 
7f910c000000-7f910c021000 rw-p 00000000 00:00 0 
7f910c021000-7f9110000000 ---p 00000000 00:00 0 
7f9110000000-7f9110021000 rw-p 00000000 00:00 0 
7f9110021000-7f9114000000 ---p 00000000 00:00 0 
7f9114000000-7f9114de4000 rw-p 00000000 00:00 0 
7f9114de4000-7f9118000000 ---p 00000000 00:00 0 
7f9118000000-7f9118021000 rw-p 00000000 00:00 0 
7f9118021000-7f911c000000 ---p 00000000 00:00 0 
7f911c000000-7f911c0b5000 rw-p 00000000 00:00 0 
7f911c0b5000-7f9120000000 ---p 00000000 00:00 0 
7f9120000000-7f9120db3000 rw-p 00000000 00:00 0 
7f9120db3000-7f9124000000 ---p 00000000 00:00 0 
7f9124000000-7f91240a9000 rw-p 00000000 00:00 0 
7f91240a9000-7f9128000000 ---p 00000000 00:00 0 
7f9128000000-7f9128030000 rw-p 00000000 00:00 0 
7f9128030000-7f912c000000 ---p 00000000 00:00 0 
7f912c000000-7f912c0a6000 rw-p 00000000 00:00 0 
7f912c0a6000-7f9130000000 ---p 00000000 00:00 0 
7f9130000000-7f91300ae000 rw-p 00000000 00:00 0 
7f91300ae000-7f9134000000 ---p 00000000 00:00 0 
7f9134000000-7f9134039000 rw-p 00000000 00:00 0 
7f9134039000-7f9138000000 ---p 00000000 00:00 0 
7f9138000000-7f91380a6000 rw-p 00000000 00:00 0 
7f91380a6000-7f913c000000 ---p 00000000 00:00 0 
7f913c000000-7f913c0bb000 rw-p 00000000 00:00 0 
7f913c0bb000-7f9140000000 ---p 00000000 00:00 0 
7f9140000000-7f91400bb000 rw-p 00000000 00:00 0 
7f91400bb000-7f9144000000 ---p 00000000 00:00 0 
7f9144000000-7f91440b5000 rw-p 00000000 00:00 0 
7f91440b5000-7f9148000000 ---p 00000000 00:00 0 
7f9148000000-7f9148131000 rw-p 00000000 00:00 0 
7f9148131000-7f914c000000 ---p 00000000 00:00 0 
7f914c000000-7f914c0b6000 rw-p 00000000 00:00 0 
7f914c0b6000-7f9150000000 ---p 00000000 00:00 0 
7f9150000000-7f91500ad000 rw-p 00000000 00:00 0 
7f91500ad000-7f9154000000 ---p 00000000 00:00 0 
7f9154000000-7f9154021000 rw-p 00000000 00:00 0 
7f9154021000-7f9158000000 ---p 00000000 00:00 0 
7f9158000000-7f9158021000 rw-p 00000000 00:00 0 
7f9158021000-7f915c000000 ---p 00000000 00:00 0 
7f915c000000-7f915c021000 rw-p 00000000 00:00 0 
7f915c021000-7f9160000000 ---p 00000000 00:00 0 
7f9160000000-7f9160103000 rw-p 00000000 00:00 0 
7f9160103000-7f9164000000 ---p 00000000 00:00 0 
7f9164000000-7f9164021000 rw-p 00000000 00:00 0 
7f9164021000-7f9168000000 ---p 00000000 00:00 0 
7f9168000000-7f9168021000 rw-p 00000000 00:00 0 
7f9168021000-7f916c000000 ---p 00000000 00:00 0 
7f916c000000-7f916cf95000 rw-p 00000000 00:00 0 
7f916cf95000-7f9170000000 ---p 00000000 00:00 0 
7f9170000000-7f9170447000 rw-p 00000000 00:00 0 
7f9170447000-7f9174000000 ---p 00000000 00:00 0 
7f9174000000-7f9174021000 rw-p 00000000 00:00 0 
7f9174021000-7f9178000000 ---p 00000000 00:00 0 
7f9178000000-7f9178021000 rw-p 00000000 00:00 0 
7f9178021000-7f917c000000 ---p 00000000 00:00 0 
7f917c000000-7f917c021000 rw-p 00000000 00:00 0 
7f917c021000-7f9180000000 ---p 00000000 00:00 0 
7f9180000000-7f9180021000 rw-p 00000000 00:00 0 
7f9180021000-7f9184000000 ---p 00000000 00:00 0 
7f9184000000-7f9184021000 rw-p 00000000 00:00 0 
7f9184021000-7f9188000000 ---p 00000000 00:00 0 
7f91880ea000-7f91881ea000 rw-p 00000000 00:00 0 
7f91881ea000-7f91882ea000 ---p 00000000 00:00 0 
7f91882ea000-7f91882eb000 ---p 00000000 00:00 0 
7f91882eb000-7f9188e2c000 rw-p 00000000 00:00 0 
7f9188e2c000-7f9188e51000 r--p 00000000 08:03 12452241                   /tmp/rules_jni.9182388391257199211/libjazzer_fuzzed_data_provider_15204566014347184815.so
7f9188e51000-7f9188e7d000 r-xp 00024000 08:03 12452241                   /tmp/rules_jni.9182388391257199211/libjazzer_fuzzed_data_provider_15204566014347184815.so
7f9188e7d000-7f9188e82000 r--p 0004f000 08:03 12452241                   /tmp/rules_jni.9182388391257199211/libjazzer_fuzzed_data_provider_15204566014347184815.so
7f9188e82000-7f9188e83000 rw-p 00053000 08:03 12452241                   /tmp/rules_jni.9182388391257199211/libjazzer_fuzzed_data_provider_15204566014347184815.so
7f9188e83000-7f9188e84000 rw-p 00000000 00:00 0 
7f9188e84000-7f9188efc000 r--p 00000000 08:03 12452239                   /tmp/rules_jni.14321678262379594558/libjazzer_driver_955939957580802072.so
7f9188efc000-7f9188faf000 r-xp 00077000 08:03 12452239                   /tmp/rules_jni.14321678262379594558/libjazzer_driver_955939957580802072.so
7f9188faf000-7f9188fb9000 r--p 00129000 08:03 12452239                   /tmp/rules_jni.14321678262379594558/libjazzer_driver_955939957580802072.so
7f9188fb9000-7f9188fba000 rw-p 00132000 08:03 12452239                   /tmp/rules_jni.14321678262379594558/libjazzer_driver_955939957580802072.so
7f9188fba000-7f91891f0000 rw-p 00000000 00:00 0 
7f91891f0000-7f91891f1000 ---p 00000000 00:00 0 
7f91891f1000-7f91892f2000 rw-p 00000000 00:00 0 
7f91892f2000-7f91892f3000 ---p 00000000 00:00 0 
7f91892f3000-7f91893f4000 rw-p 00000000 00:00 0 
7f91893f4000-7f91893f5000 ---p 00000000 00:00 0 
7f91893f5000-7f91894f6000 rw-p 00000000 00:00 0 
7f91894f6000-7f91894f7000 ---p 00000000 00:00 0 
7f91894f7000-7f91895f8000 rw-p 00000000 00:00 0 
7f91895f8000-7f91895f9000 ---p 00000000 00:00 0 
7f91895f9000-7f91896fa000 rw-p 00000000 00:00 0 
7f91896fa000-7f91896fb000 ---p 00000000 00:00 0 
7f91896fb000-7f91897fc000 rw-p 00000000 00:00 0 
7f91897fc000-7f91897fd000 ---p 00000000 00:00 0 
7f91897fd000-7f91898fe000 rw-p 00000000 00:00 0 
7f91898fe000-7f9189902000 ---p 00000000 00:00 0 
7f9189902000-7f91899fe000 rw-p 00000000 00:00 0 
7f91899fe000-7f9189a02000 ---p 00000000 00:00 0 
7f9189a02000-7f9189afe000 rw-p 00000000 00:00 0 
7f9189afe000-7f9189b02000 ---p 00000000 00:00 0 
7f9189b02000-7f9189bfe000 rw-p 00000000 00:00 0 
7f9189bfe000-7f9189c02000 ---p 00000000 00:00 0 
7f9189c02000-7f9189cfe000 rw-p 00000000 00:00 0 
7f9189cfe000-7f9189d02000 ---p 00000000 00:00 0 
7f9189d02000-7f9189dfe000 rw-p 00000000 00:00 0 
7f9189dfe000-7f9189e02000 ---p 00000000 00:00 0 
7f9189e02000-7f9189efe000 rw-p 00000000 00:00 0 
7f9189efe000-7f9189f02000 ---p 00000000 00:00 0 
7f9189f02000-7f9189ffe000 rw-p 00000000 00:00 0 
7f9189ffe000-7f918a002000 ---p 00000000 00:00 0 
7f918a002000-7f918a0fe000 rw-p 00000000 00:00 0 
7f918a0fe000-7f918a102000 ---p 00000000 00:00 0 
7f918a102000-7f918a1fe000 rw-p 00000000 00:00 0 
7f918a1fe000-7f918a202000 ---p 00000000 00:00 0 
7f918a202000-7f918a2fe000 rw-p 00000000 00:00 0 
7f918a2fe000-7f918a302000 ---p 00000000 00:00 0 
7f918a302000-7f918a3fe000 rw-p 00000000 00:00 0 
7f918a3fe000-7f918a402000 ---p 00000000 00:00 0 
7f918a402000-7f918a4fe000 rw-p 00000000 00:00 0 
7f918a4fe000-7f918a502000 ---p 00000000 00:00 0 
7f918a502000-7f918a5fe000 rw-p 00000000 00:00 0 
7f918a5fe000-7f918a602000 ---p 00000000 00:00 0 
7f918a602000-7f918a6fe000 rw-p 00000000 00:00 0 
7f918a6fe000-7f918a702000 ---p 00000000 00:00 0 
7f918a702000-7f918a7fe000 rw-p 00000000 00:00 0 
7f918a7fe000-7f918a802000 ---p 00000000 00:00 0 
7f918a802000-7f918a8fe000 rw-p 00000000 00:00 0 
7f918a8fe000-7f918a902000 ---p 00000000 00:00 0 
7f918a902000-7f918a9fe000 rw-p 00000000 00:00 0 
7f918a9fe000-7f918aa02000 ---p 00000000 00:00 0 
7f918aa02000-7f918aafe000 rw-p 00000000 00:00 0 
7f918aafe000-7f918aaff000 ---p 00000000 00:00 0 
7f918aaff000-7f918ac00000 rw-p 00000000 00:00 0 
7f918ac00000-7f918ac04000 ---p 00000000 00:00 0 
7f918ac04000-7f918ad00000 rw-p 00000000 00:00 0 
7f918ad00000-7f918ad04000 ---p 00000000 00:00 0 
7f918ad04000-7f918ae00000 rw-p 00000000 00:00 0 
7f918ae00000-7f918ae04000 ---p 00000000 00:00 0 
7f918ae04000-7f918af00000 rw-p 00000000 00:00 0 
7f918af00000-7f918af04000 ---p 00000000 00:00 0 
7f918af04000-7f918b000000 rw-p 00000000 00:00 0 
7f918b000000-7f918b573000 r--p 00000000 08:03 1313471                    /usr/lib/locale/locale-archive
7f918b59b000-7f918b5cf000 r--s 00283000 08:03 12452236                   /tmp/jazzer-agent-2814702273252969657.jar
7f918b5cf000-7f918b5d2000 r--p 00000000 08:03 1443070                    /usr/lib/jvm/java-11-openjdk-amd64/lib/jli/libjli.so
7f918b5d2000-7f918b5dc000 r-xp 00003000 08:03 1443070                    /usr/lib/jvm/java-11-openjdk-amd64/lib/jli/libjli.so
7f918b5dc000-7f918b5df000 r--p 0000d000 08:03 1443070                    /usr/lib/jvm/java-11-openjdk-amd64/lib/jli/libjli.so
7f918b5df000-7f918b5e0000 ---p 00010000 08:03 1443070                    /usr/lib/jvm/java-11-openjdk-amd64/lib/jli/libjli.so
7f918b5e0000-7f918b5e1000 r--p 00010000 08:03 1443070                    /usr/lib/jvm/java-11-openjdk-amd64/lib/jli/libjli.so
7f918b5e1000-7f918b5e2000 rw-p 00011000 08:03 1443070                    /usr/lib/jvm/java-11-openjdk-amd64/lib/jli/libjli.so
7f918b5e2000-7f918b5e4000 r--p 00000000 08:03 1443082                    /usr/lib/jvm/java-11-openjdk-amd64/lib/libinstrument.so
7f918b5e4000-7f918b5eb000 r-xp 00002000 08:03 1443082                    /usr/lib/jvm/java-11-openjdk-amd64/lib/libinstrument.so
7f918b5eb000-7f918b5ee000 r--p 00009000 08:03 1443082                    /usr/lib/jvm/java-11-openjdk-amd64/lib/libinstrument.so
7f918b5ee000-7f918b5ef000 r--p 0000b000 08:03 1443082                    /usr/lib/jvm/java-11-openjdk-amd64/lib/libinstrument.so
7f918b5ef000-7f918b5f0000 rw-p 0000c000 08:03 1443082                    /usr/lib/jvm/java-11-openjdk-amd64/lib/libinstrument.so
7f918b5f0000-7f918b5f4000 ---p 00000000 00:00 0 
7f918b5f4000-7f918b643000 rw-p 00000000 00:00 0 
7f918b643000-7f918b647000 r--p 00000000 08:03 1443101                    /usr/lib/jvm/java-11-openjdk-amd64/lib/libnet.so
7f918b647000-7f918b655000 r-xp 00004000 08:03 1443101                    /usr/lib/jvm/java-11-openjdk-amd64/lib/libnet.so
7f918b655000-7f918b659000 r--p 00012000 08:03 1443101                    /usr/lib/jvm/java-11-openjdk-amd64/lib/libnet.so
7f918b659000-7f918b65a000 r--p 00015000 08:03 1443101                    /usr/lib/jvm/java-11-openjdk-amd64/lib/libnet.so
7f918b65a000-7f918b65b000 rw-p 00016000 08:03 1443101                    /usr/lib/jvm/java-11-openjdk-amd64/lib/libnet.so
7f918b65b000-7f918b662000 r--p 00000000 08:03 1443103                    /usr/lib/jvm/java-11-openjdk-amd64/lib/libnio.so
7f918b662000-7f918b66a000 r-xp 00007000 08:03 1443103                    /usr/lib/jvm/java-11-openjdk-amd64/lib/libnio.so
7f918b66a000-7f918b66d000 r--p 0000f000 08:03 1443103                    /usr/lib/jvm/java-11-openjdk-amd64/lib/libnio.so
7f918b66d000-7f918b66e000 r--p 00011000 08:03 1443103                    /usr/lib/jvm/java-11-openjdk-amd64/lib/libnio.so
7f918b66e000-7f918b66f000 rw-p 00012000 08:03 1443103                    /usr/lib/jvm/java-11-openjdk-amd64/lib/libnio.so
7f918b66f000-7f918b673000 ---p 00000000 00:00 0 
7f918b673000-7f918b76f000 rw-p 00000000 00:00 0 
7f918b76f000-7f918b773000 ---p 00000000 00:00 0 
7f918b773000-7f918b86f000 rw-p 00000000 00:00 0 
7f918b86f000-7f918b873000 ---p 00000000 00:00 0 
7f918b873000-7f918b96f000 rw-p 00000000 00:00 0 
7f918b96f000-7f918b970000 ---p 00000000 00:00 0 
7f918b970000-7f9190000000 rw-p 00000000 00:00 0 
7f9190000000-7f9190021000 rw-p 00000000 00:00 0 
7f9190021000-7f9194000000 ---p 00000000 00:00 0 
7f919400d000-7f919565f000 rw-p 00000000 00:00 0 
7f919565f000-7f9195a77000 rw-p 00000000 00:00 0 
7f9195a77000-7f9195c7b000 ---p 00000000 00:00 0 
7f9195c7b000-7f9195ccf000 rw-p 00000000 00:00 0 
7f9195ccf000-7f9195ed3000 ---p 00000000 00:00 0 
7f9195ed3000-7f9195fe8000 rw-p 00000000 00:00 0 
7f9195fe8000-7f9196000000 rw-p 00000000 00:00 0 
7f9196000000-7f9196270000 rwxp 00000000 00:00 0 
7f9196270000-7f9196591000 ---p 00000000 00:00 0 
7f9196591000-7f9197041000 rwxp 00000000 00:00 0 
7f9197041000-7f919dac8000 ---p 00000000 00:00 0 
7f919dac8000-7f919de18000 rwxp 00000000 00:00 0 
7f919de18000-7f91a5000000 ---p 00000000 00:00 0 
7f91a5000000-7f91ad80f000 r--s 00000000 08:03 1443113                    /usr/lib/jvm/java-11-openjdk-amd64/lib/modules
7f91ad813000-7f91ad81a000 r--s 00000000 08:03 1444925                    /usr/lib/x86_64-linux-gnu/gconv/gconv-modules.cache
7f91ad81a000-7f91ad8fe000 rw-p 00000000 00:00 0 
7f91ad8fe000-7f91ad8ff000 ---p 00000000 00:00 0 
7f91ad8ff000-7f91ada00000 rw-p 00000000 00:00 0 
7f91ada00000-7f91ada9a000 r--p 00000000 08:03 1316733                    /usr/lib/x86_64-linux-gnu/libstdc++.so.6.0.30
7f91ada9a000-7f91adbab000 r-xp 0009a000 08:03 1316733                    /usr/lib/x86_64-linux-gnu/libstdc++.so.6.0.30
7f91adbab000-7f91adc1a000 r--p 001ab000 08:03 1316733                    /usr/lib/x86_64-linux-gnu/libstdc++.so.6.0.30
7f91adc1a000-7f91adc1b000 ---p 0021a000 08:03 1316733                    /usr/lib/x86_64-linux-gnu/libstdc++.so.6.0.30
7f91adc1b000-7f91adc26000 r--p 0021a000 08:03 1316733                    /usr/lib/x86_64-linux-gnu/libstdc++.so.6.0.30
7f91adc26000-7f91adc29000 rw-p 00225000 08:03 1316733                    /usr/lib/x86_64-linux-gnu/libstdc++.so.6.0.30
7f91adc29000-7f91adc2c000 rw-p 00000000 00:00 0 
7f91adc2c000-7f91add1c000 rw-p 00000000 00:00 0 
7f91add1c000-7f91ade00000 ---p 00000000 00:00 0 
7f91ade00000-7f91ae082000 r--p 00000000 08:03 1443120                    /usr/lib/jvm/java-11-openjdk-amd64/lib/server/libjvm.so
7f91ae082000-7f91aed1f000 r-xp 00282000 08:03 1443120                    /usr/lib/jvm/java-11-openjdk-amd64/lib/server/libjvm.so
7f91aed1f000-7f91aef7a000 r--p 00f1f000 08:03 1443120                    /usr/lib/jvm/java-11-openjdk-amd64/lib/server/libjvm.so
7f91aef7a000-7f91aef7b000 ---p 0117a000 08:03 1443120                    /usr/lib/jvm/java-11-openjdk-amd64/lib/server/libjvm.so
7f91aef7b000-7f91af03f000 r--p 0117a000 08:03 1443120                    /usr/lib/jvm/java-11-openjdk-amd64/lib/server/libjvm.so
7f91af03f000-7f91af07a000 rw-p 0123e000 08:03 1443120                    /usr/lib/jvm/java-11-openjdk-amd64/lib/server/libjvm.so
7f91af07a000-7f91af0d1000 rw-p 00000000 00:00 0 
7f91af0d5000-7f91af0d6000 r--p 00000000 08:03 12452242                   /tmp/rules_jni.9182388391257199211/libjazzer_signal_handler_17808128202993866918.so
7f91af0d6000-7f91af0d7000 r-xp 00000000 08:03 12452242                   /tmp/rules_jni.9182388391257199211/libjazzer_signal_handler_17808128202993866918.so
7f91af0d7000-7f91af0d8000 r--p 00000000 08:03 12452242                   /tmp/rules_jni.9182388391257199211/libjazzer_signal_handler_17808128202993866918.so
7f91af0d8000-7f91af0d9000 rw-p 00000000 08:03 12452242                   /tmp/rules_jni.9182388391257199211/libjazzer_signal_handler_17808128202993866918.so
7f91af0d9000-7f91af0ef000 rw-p 00000000 00:00 0 
7f91af0ef000-7f91af1c4000 ---p 00000000 00:00 0 
7f91af1c4000-7f91af1c6000 r--p 00000000 08:03 1318505                    /usr/lib/x86_64-linux-gnu/libz.so.1.2.11
7f91af1c6000-7f91af1d7000 r-xp 00002000 08:03 1318505                    /usr/lib/x86_64-linux-gnu/libz.so.1.2.11
7f91af1d7000-7f91af1dd000 r--p 00013000 08:03 1318505                    /usr/lib/x86_64-linux-gnu/libz.so.1.2.11
7f91af1dd000-7f91af1de000 ---p 00019000 08:03 1318505                    /usr/lib/x86_64-linux-gnu/libz.so.1.2.11
7f91af1de000-7f91af1df000 r--p 00019000 08:03 1318505                    /usr/lib/x86_64-linux-gnu/libz.so.1.2.11
7f91af1df000-7f91af1e0000 rw-p 0001a000 08:03 1318505                    /usr/lib/x86_64-linux-gnu/libz.so.1.2.11
7f91af1e1000-7f91af1e6000 rw-p 00000000 00:00 0 
7f91af1e6000-7f91af1ed000 ---p 00000000 00:00 0 
7f91af1ed000-7f91af1ef000 r--p 00000000 08:03 1443112                    /usr/lib/jvm/java-11-openjdk-amd64/lib/libzip.so
7f91af1ef000-7f91af1f4000 r-xp 00002000 08:03 1443112                    /usr/lib/jvm/java-11-openjdk-amd64/lib/libzip.so
7f91af1f4000-7f91af1f6000 r--p 00007000 08:03 1443112                    /usr/lib/jvm/java-11-openjdk-amd64/lib/libzip.so
7f91af1f6000-7f91af1f7000 r--p 00008000 08:03 1443112                    /usr/lib/jvm/java-11-openjdk-amd64/lib/libzip.so
7f91af1f7000-7f91af1f8000 rw-p 00009000 08:03 1443112                    /usr/lib/jvm/java-11-openjdk-amd64/lib/libzip.so
7f91af1f8000-7f91af200000 rw-s 00000000 08:03 12452234                   /tmp/hsperfdata_iiitb/132276
7f91af200000-7f91af228000 r--p 00000000 08:03 1312849                    /usr/lib/x86_64-linux-gnu/libc.so.6
7f91af228000-7f91af3bd000 r-xp 00028000 08:03 1312849                    /usr/lib/x86_64-linux-gnu/libc.so.6
7f91af3bd000-7f91af415000 r--p 001bd000 08:03 1312849                    /usr/lib/x86_64-linux-gnu/libc.so.6
7f91af415000-7f91af419000 r--p 00214000 08:03 1312849                    /usr/lib/x86_64-linux-gnu/libc.so.6
7f91af419000-7f91af41b000 rw-p 00218000 08:03 1312849                    /usr/lib/x86_64-linux-gnu/libc.so.6
7f91af41b000-7f91af428000 rw-p 00000000 00:00 0 
7f91af428000-7f91af436000 r--p 00000000 08:03 1443088                    /usr/lib/jvm/java-11-openjdk-amd64/lib/libjava.so
7f91af436000-7f91af44c000 r-xp 0000e000 08:03 1443088                    /usr/lib/jvm/java-11-openjdk-amd64/lib/libjava.so
7f91af44c000-7f91af453000 r--p 00024000 08:03 1443088                    /usr/lib/jvm/java-11-openjdk-amd64/lib/libjava.so
7f91af453000-7f91af454000 r--p 0002a000 08:03 1443088                    /usr/lib/jvm/java-11-openjdk-amd64/lib/libjava.so
7f91af454000-7f91af455000 rw-p 0002b000 08:03 1443088                    /usr/lib/jvm/java-11-openjdk-amd64/lib/libjava.so
7f91af455000-7f91af456000 rw-p 00000000 00:00 0 
7f91af456000-7f91af45b000 r--p 00000000 08:03 1443111                    /usr/lib/jvm/java-11-openjdk-amd64/lib/libverify.so
7f91af45b000-7f91af462000 r-xp 00005000 08:03 1443111                    /usr/lib/jvm/java-11-openjdk-amd64/lib/libverify.so
7f91af462000-7f91af464000 r--p 0000c000 08:03 1443111                    /usr/lib/jvm/java-11-openjdk-amd64/lib/libverify.so
7f91af464000-7f91af466000 r--p 0000d000 08:03 1443111                    /usr/lib/jvm/java-11-openjdk-amd64/lib/libverify.so
7f91af466000-7f91af467000 rw-p 0000f000 08:03 1443111                    /usr/lib/jvm/java-11-openjdk-amd64/lib/libverify.so
7f91af467000-7f91af468000 r--p 00000000 08:03 1312898                    /usr/lib/x86_64-linux-gnu/librt.so.1
7f91af468000-7f91af469000 r-xp 00001000 08:03 1312898                    /usr/lib/x86_64-linux-gnu/librt.so.1
7f91af469000-7f91af46a000 r--p 00002000 08:03 1312898                    /usr/lib/x86_64-linux-gnu/librt.so.1
7f91af46a000-7f91af46b000 r--p 00002000 08:03 1312898                    /usr/lib/x86_64-linux-gnu/librt.so.1
7f91af46b000-7f91af46c000 rw-p 00003000 08:03 1312898                    /usr/lib/x86_64-linux-gnu/librt.so.1
7f91af46c000-7f91af46f000 r--p 00000000 08:03 1316768                    /usr/lib/x86_64-linux-gnu/libgcc_s.so.1
7f91af46f000-7f91af486000 r-xp 00003000 08:03 1316768                    /usr/lib/x86_64-linux-gnu/libgcc_s.so.1
7f91af486000-7f91af48a000 r--p 0001a000 08:03 1316768                    /usr/lib/x86_64-linux-gnu/libgcc_s.so.1
7f91af48a000-7f91af48b000 r--p 0001d000 08:03 1316768                    /usr/lib/x86_64-linux-gnu/libgcc_s.so.1
7f91af48b000-7f91af48c000 rw-p 0001e000 08:03 1316768                    /usr/lib/x86_64-linux-gnu/libgcc_s.so.1
7f91af48c000-7f91af48e000 rw-p 00000000 00:00 0 
7f91af48e000-7f91af48f000 r--p 00000000 08:03 1312892                    /usr/lib/x86_64-linux-gnu/libpthread.so.0
7f91af48f000-7f91af490000 r-xp 00001000 08:03 1312892                    /usr/lib/x86_64-linux-gnu/libpthread.so.0
7f91af490000-7f91af491000 r--p 00002000 08:03 1312892                    /usr/lib/x86_64-linux-gnu/libpthread.so.0
7f91af491000-7f91af492000 r--p 00002000 08:03 1312892                    /usr/lib/x86_64-linux-gnu/libpthread.so.0
7f91af492000-7f91af493000 rw-p 00003000 08:03 1312892                    /usr/lib/x86_64-linux-gnu/libpthread.so.0
7f91af493000-7f91af494000 r--p 00000000 08:03 1312855                    /usr/lib/x86_64-linux-gnu/libdl.so.2
7f91af494000-7f91af495000 r-xp 00001000 08:03 1312855                    /usr/lib/x86_64-linux-gnu/libdl.so.2
7f91af495000-7f91af496000 r--p 00002000 08:03 1312855                    /usr/lib/x86_64-linux-gnu/libdl.so.2
7f91af496000-7f91af497000 r--p 00002000 08:03 1312855                    /usr/lib/x86_64-linux-gnu/libdl.so.2
7f91af497000-7f91af498000 rw-p 00003000 08:03 1312855                    /usr/lib/x86_64-linux-gnu/libdl.so.2
7f91af498000-7f91af4a6000 r--p 00000000 08:03 1312856                    /usr/lib/x86_64-linux-gnu/libm.so.6
7f91af4a6000-7f91af522000 r-xp 0000e000 08:03 1312856                    /usr/lib/x86_64-linux-gnu/libm.so.6
7f91af522000-7f91af57d000 r--p 0008a000 08:03 1312856                    /usr/lib/x86_64-linux-gnu/libm.so.6
7f91af57d000-7f91af57e000 r--p 000e4000 08:03 1312856                    /usr/lib/x86_64-linux-gnu/libm.so.6
7f91af57e000-7f91af57f000 rw-p 000e5000 08:03 1312856                    /usr/lib/x86_64-linux-gnu/libm.so.6
7f91af581000-7f91af582000 ---p 00000000 00:00 0 
7f91af582000-7f91af583000 r--p 00000000 00:00 0 
7f91af583000-7f91af585000 r--p 00000000 08:03 1443092                    /usr/lib/jvm/java-11-openjdk-amd64/lib/libjimage.so
7f91af585000-7f91af588000 r-xp 00002000 08:03 1443092                    /usr/lib/jvm/java-11-openjdk-amd64/lib/libjimage.so
7f91af588000-7f91af589000 r--p 00005000 08:03 1443092                    /usr/lib/jvm/java-11-openjdk-amd64/lib/libjimage.so
7f91af589000-7f91af58a000 ---p 00006000 08:03 1443092                    /usr/lib/jvm/java-11-openjdk-amd64/lib/libjimage.so
7f91af58a000-7f91af58b000 r--p 00006000 08:03 1443092                    /usr/lib/jvm/java-11-openjdk-amd64/lib/libjimage.so
7f91af58b000-7f91af58c000 rw-p 00007000 08:03 1443092                    /usr/lib/jvm/java-11-openjdk-amd64/lib/libjimage.so
7f91af58c000-7f91af58e000 rw-p 00000000 00:00 0 
7f91af58e000-7f91af590000 r--p 00000000 08:03 1312841                    /usr/lib/x86_64-linux-gnu/ld-linux-x86-64.so.2
7f91af590000-7f91af5ba000 r-xp 00002000 08:03 1312841                    /usr/lib/x86_64-linux-gnu/ld-linux-x86-64.so.2
7f91af5ba000-7f91af5c5000 r--p 0002c000 08:03 1312841                    /usr/lib/x86_64-linux-gnu/ld-linux-x86-64.so.2
7f91af5c6000-7f91af5c8000 r--p 00037000 08:03 1312841                    /usr/lib/x86_64-linux-gnu/ld-linux-x86-64.so.2
7f91af5c8000-7f91af5ca000 rw-p 00039000 08:03 1312841                    /usr/lib/x86_64-linux-gnu/ld-linux-x86-64.so.2
7ffed7cba000-7ffed7cbe000 ---p 00000000 00:00 0 
7ffed7cbe000-7ffed7dba000 rw-p 00000000 00:00 0                          [stack]
7ffed7dbf000-7ffed7dc3000 r--p 00000000 00:00 0                          [vvar]
7ffed7dc3000-7ffed7dc5000 r-xp 00000000 00:00 0                          [vdso]
ffffffffff600000-ffffffffff601000 --xp 00000000 00:00 0                  [vsyscall]


VM Arguments:
jvm_args: -Xmx1800m -XX:-OmitStackTraceInFastThrow -XX:+UseParallelGC -XX:+IgnoreUnrecognizedVMOptions -XX:+CriticalJNINatives 
java_command: <unknown>
java_class_path (initial): ./lib/java-cup-11a.jar:./lib/jflex-1.4.1.jar:./lib/junit-4.8.1.jar:./lib/jazzer_standalone.jar:ast:classes:simulator:./:./lib
Launcher Type: generic

[Global flags]
     intx CICompilerCount                          = 4                                         {product} {ergonomic}
     bool CriticalJNINatives                       = true                                      {product} {command line}
     bool IgnoreUnrecognizedVMOptions              = true                                      {product} {command line}
   size_t InitialHeapSize                          = 262144000                                 {product} {ergonomic}
   size_t MaxHeapSize                              = 1887436800                                {product} {command line}
   size_t MaxNewSize                               = 629145600                                 {product} {ergonomic}
   size_t MinHeapDeltaBytes                        = 524288                                    {product} {ergonomic}
   size_t NewSize                                  = 87031808                                  {product} {ergonomic}
    uintx NonNMethodCodeHeapSize                   = 5836300                                {pd product} {ergonomic}
    uintx NonProfiledCodeHeapSize                  = 122910970                              {pd product} {ergonomic}
   size_t OldSize                                  = 175112192                                 {product} {ergonomic}
     bool OmitStackTraceInFastThrow                = false                                     {product} {command line}
    uintx ProfiledCodeHeapSize                     = 122910970                              {pd product} {ergonomic}
    uintx ReservedCodeCacheSize                    = 251658240                              {pd product} {ergonomic}
     bool SegmentedCodeCache                       = true                                      {product} {ergonomic}
     bool UseCompressedClassPointers               = true                                 {lp64_product} {ergonomic}
     bool UseCompressedOops                        = true                                 {lp64_product} {ergonomic}
     bool UseParallelGC                            = true                                      {product} {command line}

Logging:
Log output configuration:
 #0: stdout all=warning uptime,level,tags
 #1: stderr all=off uptime,level,tags

Environment Variables:
PATH=/usr/local/sbin:/usr/local/bin:/usr/sbin:/usr/bin:/sbin:/bin:/usr/games:/usr/local/games:/snap/bin
SHELL=/bin/bash
LANG=en_IN
TERM=xterm-256color

Signal Handlers:
SIGSEGV: [libjvm.so+0xeac9a0], sa_mask[0]=11111111011111111101111111111110, sa_flags=SA_SIGINFO
SIGBUS: [libjvm.so+0xeac9a0], sa_mask[0]=11111111011111111101111111111110, sa_flags=SA_RESTART|SA_SIGINFO
SIGFPE: [libjvm.so+0xeac9a0], sa_mask[0]=11111111011111111101111111111110, sa_flags=SA_RESTART|SA_SIGINFO
SIGPIPE: [libjvm.so+0xbef0c0], sa_mask[0]=11111111011111111101111111111110, sa_flags=SA_RESTART|SA_SIGINFO
SIGXFSZ: [libjvm.so+0xbef0c0], sa_mask[0]=11111111011111111101111111111110, sa_flags=SA_RESTART|SA_SIGINFO
SIGILL: [libjvm.so+0xeac9a0], sa_mask[0]=11111111011111111101111111111110, sa_flags=SA_RESTART|SA_SIGINFO
SIGUSR2: [libjvm.so+0xbeef60], sa_mask[0]=00000000000000000000000000000000, sa_flags=SA_RESTART|SA_SIGINFO
SIGHUP: [libjvm.so+0xbef700], sa_mask[0]=11111111011111111101111111111110, sa_flags=SA_RESTART|SA_SIGINFO
SIGINT: [libjvm.so+0xbef700], sa_mask[0]=11111111011111111101111111111110, sa_flags=SA_RESTART|SA_SIGINFO
SIGTERM: [libjvm.so+0xbef700], sa_mask[0]=11111111011111111101111111111110, sa_flags=SA_RESTART|SA_SIGINFO
SIGQUIT: [libjvm.so+0xbef700], sa_mask[0]=11111111011111111101111111111110, sa_flags=SA_RESTART|SA_SIGINFO


---------------  S Y S T E M  ---------------

OS:DISTRIB_ID=Ubuntu
DISTRIB_RELEASE=22.04
DISTRIB_CODENAME=jammy
DISTRIB_DESCRIPTION="Ubuntu 22.04.2 LTS"
uname:Linux 6.2.0-26-generic #26~22.04.1-Ubuntu SMP PREEMPT_DYNAMIC Thu Jul 13 16:27:29 UTC 2 x86_64
OS uptime: 25 days 11:08 hours
libc:glibc 2.35 NPTL 2.35 
rlimit (soft/hard): STACK 8192k/infinity , CORE 0k/infinity , NPROC 63610/63610 , NOFILE 1048576/1048576 , AS infinity/infinity , CPU infinity/infinity , DATA infinity/infinity , FSIZE infinity/infinity , MEMLOCK 2045952k/2045952k
load average:0.40 0.08 0.04

/proc/meminfo:
MemTotal:       16367640 kB
MemFree:         9796356 kB
MemAvailable:   13182652 kB
Buffers:          153740 kB
Cached:          3371724 kB
SwapCached:           84 kB
Active:          2943216 kB
Inactive:        3100136 kB
Active(anon):       1984 kB
Inactive(anon):  2529600 kB
Active(file):    2941232 kB
Inactive(file):   570536 kB
Unevictable:           0 kB
Mlocked:               0 kB
SwapTotal:       2097148 kB
SwapFree:        2096112 kB
Zswap:                 0 kB
Zswapped:              0 kB
Dirty:               412 kB
Writeback:             0 kB
AnonPages:       2517884 kB
Mapped:           388372 kB
Shmem:             13624 kB
KReclaimable:     211972 kB
Slab:             350524 kB
SReclaimable:     211972 kB
SUnreclaim:       138552 kB
KernelStack:        9680 kB
PageTables:        20276 kB
SecPageTables:         0 kB
NFS_Unstable:          0 kB
Bounce:                0 kB
WritebackTmp:          0 kB
CommitLimit:    10280968 kB
Committed_AS:    6104968 kB
VmallocTotal:   34359738367 kB
VmallocUsed:       30168 kB
VmallocChunk:          0 kB
Percpu:             7744 kB
HardwareCorrupted:     0 kB
AnonHugePages:         0 kB
ShmemHugePages:        0 kB
ShmemPmdMapped:        0 kB
FileHugePages:         0 kB
FilePmdMapped:         0 kB
HugePages_Total:       0
HugePages_Free:        0
HugePages_Rsvd:        0
HugePages_Surp:        0
Hugepagesize:       2048 kB
Hugetlb:               0 kB
DirectMap4k:      200576 kB
DirectMap2M:     3993600 kB
DirectMap1G:    14680064 kB

/sys/kernel/mm/transparent_hugepage/enabled:
always [madvise] never
/sys/kernel/mm/transparent_hugepage/defrag (defrag/compaction efforts parameter):
always defer defer+madvise [madvise] never

Process Memory:
Virtual Size: 5871916K (peak: 12888268K)
Resident Set Size: 919036K (peak: 919036K) (anon: 775180K, file: 143856K, shmem: 0K)
Swapped out: 0K
C-Heap outstanding allocations: 80149K, retained: 38374K
glibc malloc tunables: (default)

/proc/sys/kernel/threads-max (system-wide limit on the number of threads):
127221
/proc/sys/vm/max_map_count (maximum number of memory map areas a process may have):
65530
/proc/sys/kernel/pid_max (system-wide limit on number of process identifiers):
4194304

container (cgroup) information:
container_type: cgroupv2
cpu_cpuset_cpus: not supported
cpu_memory_nodes: not supported
active_processor_count: 8
cpu_quota: not supported
cpu_period: not supported
cpu_shares: not supported
memory_limit_in_bytes: unlimited
memory_and_swap_limit_in_bytes: unlimited
memory_soft_limit_in_bytes: unlimited
memory_usage_in_bytes: 1438124 k
memory_max_usage_in_bytes: not supported
memory_swap_current_in_bytes: unlimited
memory_swap_max_limit_in_bytes: unlimited
maximum number of tasks: unlimited
current number of tasks: 44

VMWare virtualization detected
Steal ticks since vm start: 0
Steal ticks percentage since vm start:  0.000

CPU:total 8 (initial active 8) (1 cores per cpu, 1 threads per core) family 6 model 85 stepping 4 microcode 0x2000043, cmov, cx8, fxsr, mmx, sse, sse2, sse3, ssse3, sse4.1, sse4.2, popcnt, avx, avx2, aes, clmul, erms, rtm, 3dnowpref, lzcnt, tsc, tscinvbit, bmi1, bmi2, adx, fma
CPU Model and flags from /proc/cpuinfo:
model name	: Intel(R) Xeon(R) Silver 4116 CPU @ 2.10GHz
flags		: fpu vme de pse tsc msr pae mce cx8 apic sep mtrr pge mca cmov pat pse36 clflush mmx fxsr sse sse2 ss syscall nx pdpe1gb rdtscp lm constant_tsc arch_perfmon nopl xtopology tsc_reliable nonstop_tsc cpuid tsc_known_freq pni pclmulqdq ssse3 fma cx16 pcid sse4_1 sse4_2 x2apic movbe popcnt tsc_deadline_timer aes xsave avx f16c rdrand hypervisor lahf_lm abm 3dnowprefetch cpuid_fault invpcid_single pti ibrs ibpb stibp fsgsbase tsc_adjust bmi1 hle avx2 smep bmi2 invpcid rtm mpx avx512f avx512dq rdseed adx smap clflushopt clwb avx512cd avx512bw avx512vl xsaveopt xsavec xsaves arat pku ospke arch_capabilities
Online cpus:
0-7
Offline cpus:

BIOS frequency limitation:
<Not Available>
Frequency switch latency (ns):
<Not Available>
Available cpu frequencies:
<Not Available>
Current governor:
<Not Available>
Core performance/turbo boost:
<Not Available>

Memory: 4k page, physical 16367640k(9796356k free), swap 2097148k(2096112k free)

vm_info: OpenJDK 64-Bit Server VM (11.0.20.1+1-post-Ubuntu-0ubuntu122.04) for linux-amd64 JRE (11.0.20.1+1-post-Ubuntu-0ubuntu122.04), built on Aug 24 2023 23:14:05 by "unknown" with gcc 11.4.0

END.
